<?xml version="1.0" encoding="utf-8"?><testsuites name="pytest tests"><testsuite name="pytest" errors="0" failures="1" skipped="0" tests="15" time="21.125" timestamp="2026-04-21T06:35:52.597047+00:00" hostname="agent-env-8dde5f5e-e700-42a7-9046-d80e84a9398c"><testcase classname="backend.tests.test_nosh_iteration2.TestBruteForce" name="test_lockout_after_5_failures_and_clear_on_success" time="2.422"><failure message="AssertionError: expected 429, got 401: {&quot;detail&quot;:&quot;Invalid credentials&quot;}&#10;assert 401 == 429&#10; +  where 401 = &lt;Response [401]&gt;.status_code">backend/tests/test_nosh_iteration2.py:102: in test_lockout_after_5_failures_and_clear_on_success
    assert r.status_code == 429, f"expected 429, got {r.status_code}: {r.text}"
E   AssertionError: expected 429, got 401: {"detail":"Invalid credentials"}
E   assert 401 == 429
E    +  where 401 = &lt;Response [401]&gt;.status_code</failure></testcase><testcase classname="backend.tests.test_nosh_iteration2.TestPasswordReset" name="test_forgot_password_existing_user_creates_token" time="0.111" /><testcase classname="backend.tests.test_nosh_iteration2.TestPasswordReset" name="test_forgot_password_nonexistent_email_no_leak" time="0.142" /><testcase classname="backend.tests.test_nosh_iteration2.TestPasswordReset" name="test_reset_password_valid_token_then_reuse_rejected" time="1.859" /><testcase classname="backend.tests.test_nosh_iteration2.TestPasswordReset" name="test_reset_password_invalid_token" time="0.158" /><testcase classname="backend.tests.test_nosh_iteration2.TestPasswordReset" name="test_reset_password_expired_token" time="0.115" /><testcase classname="backend.tests.test_nosh_iteration2.TestUsersPrivacy" name="test_admin_sees_full_fields" time="0.394" /><testcase classname="backend.tests.test_nosh_iteration2.TestUsersPrivacy" name="test_manager_sees_full_fields" time="0.699" /><testcase classname="backend.tests.test_nosh_iteration2.TestUsersPrivacy" name="test_contributor_sees_only_id_name_role" time="0.397" /><testcase classname="backend.tests.test_nosh_iteration2.TestAI" name="test_ai_status_enabled" time="0.051" /><testcase classname="backend.tests.test_nosh_iteration2.TestAI" name="test_ai_evaluate_objective_as_manager" time="6.517" /><testcase classname="backend.tests.test_nosh_iteration2.TestAI" name="test_ai_evaluate_individual_as_manager" time="7.819" /><testcase classname="backend.tests.test_nosh_iteration2.TestAI" name="test_ai_evaluate_forbidden_for_contributor" time="0.111" /><testcase classname="backend.tests.test_nosh_iteration2.TestAI" name="test_ai_evaluations_list" time="0.054" /><testcase classname="backend.tests.test_nosh_iteration2.TestAI" name="test_ai_evaluations_forbidden_for_contributor" time="0.056" /></testsuite></testsuites>