<?xml version="1.0" encoding="utf-8"?><testsuites name="pytest tests"><testsuite name="pytest" errors="0" failures="0" skipped="0" tests="9" time="11.737" timestamp="2026-04-21T06:54:04.320141+00:00" hostname="agent-env-8dde5f5e-e700-42a7-9046-d80e84a9398c"><testcase classname="backend.tests.test_nosh_iteration3.TestAIRefactor" name="test_ai_status_still_works" time="0.483" /><testcase classname="backend.tests.test_nosh_iteration3.TestAIRefactor" name="test_ai_evaluate_objective_as_manager" time="8.387" /><testcase classname="backend.tests.test_nosh_iteration3.TestAIRefactor" name="test_ai_evaluate_forbidden_for_contributor" time="0.575" /><testcase classname="backend.tests.test_nosh_iteration3.TestBruteForceXFF" name="test_six_fails_on_nonexistent_email_locks_out" time="0.394" /><testcase classname="backend.tests.test_nosh_iteration3.TestDRISelfView" name="test_dri_sees_aggregated_feedback" time="0.415" /><testcase classname="backend.tests.test_nosh_iteration3.TestDRISelfView" name="test_dri_view_has_empty_state_for_no_feedback_objective" time="0.049" /><testcase classname="backend.tests.test_nosh_iteration3.TestDRISelfView" name="test_dri_view_privacy_no_user_id" time="0.051" /><testcase classname="backend.tests.test_nosh_iteration3.TestDRISelfView" name="test_alice_non_dri_returns_empty_list" time="0.057" /><testcase classname="backend.tests.test_nosh_iteration3.TestForgotPasswordFallback" name="test_forgot_password_returns_200_and_logs_fallback" time="1.166" /></testsuite></testsuites>