<?xml version="1.0" encoding="utf-8"?><testsuites name="pytest tests"><testsuite name="pytest" errors="0" failures="0" skipped="0" tests="24" time="4.998" timestamp="2026-04-21T05:52:56.920130+00:00" hostname="agent-env-8dde5f5e-e700-42a7-9046-d80e84a9398c"><testcase classname="backend.tests.test_nosh_backend" name="test_health" time="0.215" /><testcase classname="backend.tests.test_nosh_backend" name="test_login_sets_cookies_and_returns_user" time="0.328" /><testcase classname="backend.tests.test_nosh_backend" name="test_login_invalid_credentials" time="0.346" /><testcase classname="backend.tests.test_nosh_backend" name="test_auth_me" time="0.381" /><testcase classname="backend.tests.test_nosh_backend" name="test_auth_me_requires_cookie" time="0.105" /><testcase classname="backend.tests.test_nosh_backend" name="test_logout_clears_cookies" time="0.412" /><testcase classname="backend.tests.test_nosh_backend" name="test_list_cycles" time="0.471" /><testcase classname="backend.tests.test_nosh_backend" name="test_create_cycle_admin" time="0.098" /><testcase classname="backend.tests.test_nosh_backend" name="test_create_cycle_forbidden_for_non_admin" time="0.048" /><testcase classname="backend.tests.test_nosh_backend" name="test_list_objectives_by_cycle" time="0.055" /><testcase classname="backend.tests.test_nosh_backend" name="test_create_objective_admin" time="0.144" /><testcase classname="backend.tests.test_nosh_backend" name="test_create_objective_forbidden_for_contributor" time="0.048" /><testcase classname="backend.tests.test_nosh_backend" name="test_upsert_plan_alice_for_obj1" time="0.187" /><testcase classname="backend.tests.test_nosh_backend" name="test_create_weekly_update" time="0.108" /><testcase classname="backend.tests.test_nosh_backend" name="test_weekly_update_rejects_invalid_status" time="0.047" /><testcase classname="backend.tests.test_nosh_backend" name="test_individual_reflection_upsert" time="0.119" /><testcase classname="backend.tests.test_nosh_backend" name="test_dri_reflection_only_dri_can_submit" time="0.443" /><testcase classname="backend.tests.test_nosh_backend" name="test_feedback_contributor_can_submit" time="0.070" /><testcase classname="backend.tests.test_nosh_backend" name="test_feedback_dri_self_rating_rejected" time="0.045" /><testcase classname="backend.tests.test_nosh_backend" name="test_feedback_non_contributor_rejected" time="0.366" /><testcase classname="backend.tests.test_nosh_backend" name="test_feedback_summary_aggregates" time="0.486" /><testcase classname="backend.tests.test_nosh_backend" name="test_manager_review_upsert" time="0.109" /><testcase classname="backend.tests.test_nosh_backend" name="test_manager_review_forbidden_for_contributor" time="0.056" /><testcase classname="backend.tests.test_nosh_backend" name="test_manager_review_list_forbidden_for_contributor" time="0.059" /></testsuite></testsuites>